Using pre-set license
Built from '2020.2/staging' branch; Version is '2020.2.6f1 (8a2143876886) revision 9052483'; Using compiler version '192528614'; Build Type 'Release'
OS: 'Windows 10 Home Single Language; OS build 19042.867; Version 2009; 64bit' Language: 'en' Physical Memory: 16238 MB
BatchMode: 1, IsHumanControllingUs: 0, StartBugReporterOnCrash: 0, Is64bit: 1, IsPro: 0

 COMMAND LINE ARGUMENTS:
C:\Program Files\Unity\Hub\Editor\2020.2.6f1\Editor\Unity.exe
-adb2
-batchMode
-noUpm
-name
AssetImportWorker0
-projectPath
D:/Unity 3D/Game Corona
-logFile
Logs/AssetImportWorker0.log
-srvPort
61263
Successfully changed project path to: D:/Unity 3D/Game Corona
D:/Unity 3D/Game Corona
Using Asset Import Pipeline V2.
Refreshing native plugins compatible for Editor in 32.64 ms, found 0 plugins.
Preloading 0 native plugins for Editor in 0.00 ms.
Initialize engine version: 2020.2.6f1 (8a2143876886)
[Subsystems] Discovering subsystems at path C:/Program Files/Unity/Hub/Editor/2020.2.6f1/Editor/Data/Resources/UnitySubsystems
[Subsystems] Discovering subsystems at path D:/Unity 3D/Game Corona/Assets
GfxDevice: creating device client; threaded=0
Direct3D:
    Version:  Direct3D 11.0 [level 11.1]
    Renderer: NVIDIA GeForce GTX 1050 Ti (ID=0x1c8c)
    Vendor:   
    VRAM:     4021 MB
    Driver:   27.21.14.6172
Initialize mono
Mono path[0] = 'C:/Program Files/Unity/Hub/Editor/2020.2.6f1/Editor/Data/Managed'
Mono path[1] = 'C:/Program Files/Unity/Hub/Editor/2020.2.6f1/Editor/Data/MonoBleedingEdge/lib/mono/unityjit'
Mono config path = 'C:/Program Files/Unity/Hub/Editor/2020.2.6f1/Editor/Data/MonoBleedingEdge/etc'
Using monoOptions --debugger-agent=transport=dt_socket,embedding=1,server=y,suspend=n,address=127.0.0.1:56152
Begin MonoManager ReloadAssembly
Registering precompiled unity dll's ...
Register platform support module: C:/Program Files/Unity/Hub/Editor/2020.2.6f1/Editor/Data/PlaybackEngines/WindowsStandaloneSupport/UnityEditor.WindowsStandalone.Extensions.dll
Registered in 0.002047 seconds.
Native extension for WindowsStandalone target not found
Refreshing native plugins compatible for Editor in 62.77 ms, found 0 plugins.
Preloading 0 native plugins for Editor in 0.00 ms.
Invoked RoslynAnalysisRunner static constructor.
RoslynAnalysisRunner will not be running.
RoslynAnalysisRunner has terminated.
Mono: successfully reloaded assembly
- Completed reload, in  3.175 seconds
Platform modules already initialized, skipping
Registering precompiled user dll's ...
Registered in 0.001164 seconds.
Begin MonoManager ReloadAssembly
Native extension for WindowsStandalone target not found
Refreshing native plugins compatible for Editor in 0.20 ms, found 0 plugins.
Preloading 0 native plugins for Editor in 0.00 ms.
Invoked RoslynAnalysisRunner static constructor.
RoslynAnalysisRunner will not be running.
RoslynAnalysisRunner has terminated.
Mono: successfully reloaded assembly
- Completed reload, in  0.880 seconds
Platform modules already initialized, skipping
========================================================================
Worker process is ready to serve import requests
Launched and connected shader compiler UnityShaderCompiler.exe after 0.05 seconds
Refreshing native plugins compatible for Editor in 0.21 ms, found 0 plugins.
Preloading 0 native plugins for Editor in 0.00 ms.
Unloading 1107 Unused Serialized files (Serialized files now loaded: 0)
System memory in use before: 58.2 MB.
System memory in use after: 58.2 MB.

Unloading 10 unused Assets to reduce memory usage. Loaded Objects now: 1549.
Total: 2.070300 ms (FindLiveObjects: 0.150200 ms CreateObjectMapping: 0.047000 ms MarkObjects: 1.777700 ms  DeleteObjects: 0.094500 ms)

========================================================================
Received Import Request.
  path: Assets/MunculinVirus.cs
  artifactKey: Guid(5fbf20a3e4f6ee743ae58f6332fdebe2) Importer(815301076,1909f56bfc062723c751e8b465ee728b)
Start importing Assets/MunculinVirus.cs using Guid(5fbf20a3e4f6ee743ae58f6332fdebe2) Importer(815301076,1909f56bfc062723c751e8b465ee728b)  -> (artifact id: '9bf476a78844cb72a28d954a16682c7b') in 0.019732 seconds
  Import took 0.022217 seconds .

========================================================================
Received Import Request.
  Time since last request: 43.233289 seconds.
  path: Assets/MunculinVirus.cs
  artifactKey: Guid(5fbf20a3e4f6ee743ae58f6332fdebe2) Importer(815301076,1909f56bfc062723c751e8b465ee728b)
Start importing Assets/MunculinVirus.cs using Guid(5fbf20a3e4f6ee743ae58f6332fdebe2) Importer(815301076,1909f56bfc062723c751e8b465ee728b)  -> (artifact id: '15bcb0cd19cf53afc5a6658d1fc7a9c1') in 0.003248 seconds
  Import took 0.006817 seconds .

========================================================================
Received Prepare
Registering precompiled user dll's ...
Registered in 0.000442 seconds.
Begin MonoManager ReloadAssembly
Native extension for WindowsStandalone target not found
Refreshing native plugins compatible for Editor in 0.20 ms, found 0 plugins.
Preloading 0 native plugins for Editor in 0.00 ms.
Invoked RoslynAnalysisRunner static constructor.
RoslynAnalysisRunner will not be running.
RoslynAnalysisRunner has terminated.
Mono: successfully reloaded assembly
- Completed reload, in  0.741 seconds
Platform modules already initialized, skipping
Refreshing native plugins compatible for Editor in 0.22 ms, found 0 plugins.
Preloading 0 native plugins for Editor in 0.00 ms.
Unloading 1100 Unused Serialized files (Serialized files now loaded: 0)
System memory in use before: 58.0 MB.
System memory in use after: 58.1 MB.

Unloading 5 unused Assets to reduce memory usage. Loaded Objects now: 1551.
Total: 1.959800 ms (FindLiveObjects: 0.194200 ms CreateObjectMapping: 0.044400 ms MarkObjects: 1.665300 ms  DeleteObjects: 0.055000 ms)

========================================================================
Received Prepare
Registering precompiled user dll's ...
Registered in 0.000538 seconds.
Begin MonoManager ReloadAssembly
Native extension for WindowsStandalone target not found
Refreshing native plugins compatible for Editor in 0.19 ms, found 0 plugins.
Preloading 0 native plugins for Editor in 0.00 ms.
Invoked RoslynAnalysisRunner static constructor.
RoslynAnalysisRunner will not be running.
RoslynAnalysisRunner has terminated.
Mono: successfully reloaded assembly
- Completed reload, in  0.733 seconds
Platform modules already initialized, skipping
Refreshing native plugins compatible for Editor in 0.25 ms, found 0 plugins.
Preloading 0 native plugins for Editor in 0.00 ms.
Unloading 1100 Unused Serialized files (Serialized files now loaded: 0)
System memory in use before: 58.0 MB.
System memory in use after: 58.1 MB.

Unloading 5 unused Assets to reduce memory usage. Loaded Objects now: 1553.
Total: 1.914200 ms (FindLiveObjects: 0.172900 ms CreateObjectMapping: 0.032300 ms MarkObjects: 1.614800 ms  DeleteObjects: 0.093100 ms)

========================================================================
Received Prepare
Registering precompiled user dll's ...
Registered in 0.000427 seconds.
Begin MonoManager ReloadAssembly
Native extension for WindowsStandalone target not found
Refreshing native plugins compatible for Editor in 0.19 ms, found 0 plugins.
Preloading 0 native plugins for Editor in 0.00 ms.
Invoked RoslynAnalysisRunner static constructor.
RoslynAnalysisRunner will not be running.
RoslynAnalysisRunner has terminated.
Mono: successfully reloaded assembly
- Completed reload, in  0.714 seconds
Platform modules already initialized, skipping
Refreshing native plugins compatible for Editor in 0.26 ms, found 0 plugins.
Preloading 0 native plugins for Editor in 0.00 ms.
Unloading 1100 Unused Serialized files (Serialized files now loaded: 0)
System memory in use before: 58.0 MB.
System memory in use after: 58.1 MB.

Unloading 5 unused Assets to reduce memory usage. Loaded Objects now: 1555.
Total: 2.352100 ms (FindLiveObjects: 0.314100 ms CreateObjectMapping: 0.088000 ms MarkObjects: 1.861400 ms  DeleteObjects: 0.087700 ms)

========================================================================
Received Prepare
Registering precompiled user dll's ...
Registered in 0.000453 seconds.
Begin MonoManager ReloadAssembly
Native extension for WindowsStandalone target not found
Refreshing native plugins compatible for Editor in 0.19 ms, found 0 plugins.
Preloading 0 native plugins for Editor in 0.00 ms.
Invoked RoslynAnalysisRunner static constructor.
RoslynAnalysisRunner will not be running.
RoslynAnalysisRunner has terminated.
Mono: successfully reloaded assembly
- Completed reload, in  0.742 seconds
Platform modules already initialized, skipping
Refreshing native plugins compatible for Editor in 0.22 ms, found 0 plugins.
Preloading 0 native plugins for Editor in 0.00 ms.
Unloading 1100 Unused Serialized files (Serialized files now loaded: 0)
System memory in use before: 58.0 MB.
System memory in use after: 58.1 MB.

Unloading 5 unused Assets to reduce memory usage. Loaded Objects now: 1557.
Total: 1.856300 ms (FindLiveObjects: 0.250000 ms CreateObjectMapping: 0.031600 ms MarkObjects: 1.529400 ms  DeleteObjects: 0.044500 ms)

========================================================================
Received Import Request.
  Time since last request: 695.545547 seconds.
  path: Assets/GerakanPlayer.cs
  artifactKey: Guid(4b9087b7bf83e194997c632d3c53c12a) Importer(815301076,1909f56bfc062723c751e8b465ee728b)
Start importing Assets/GerakanPlayer.cs using Guid(4b9087b7bf83e194997c632d3c53c12a) Importer(815301076,1909f56bfc062723c751e8b465ee728b)  -> (artifact id: '5219be49e96f19be1a6b2c3f9752af2f') in 0.007811 seconds
  Import took 0.011157 seconds .

========================================================================
Received Import Request.
  Time since last request: 11.808405 seconds.
  path: ProjectSettings/TagManager.asset
  artifactKey: Guid(00000000000000003000000000000000) Importer(815301076,1909f56bfc062723c751e8b465ee728b)
Start importing ProjectSettings/TagManager.asset using Guid(00000000000000003000000000000000) Importer(815301076,1909f56bfc062723c751e8b465ee728b)  -> (artifact id: 'b2dee9ced0a85d274b96b1466a3268ad') in 0.023176 seconds
  Import took 0.025000 seconds .

========================================================================
Received Import Request.
  Time since last request: 0.007895 seconds.
  path: ProjectSettings/TagManager.asset
  artifactKey: Guid(00000000000000003000000000000000) Importer(815301076,1909f56bfc062723c751e8b465ee728b)
Start importing ProjectSettings/TagManager.asset using Guid(00000000000000003000000000000000) Importer(815301076,1909f56bfc062723c751e8b465ee728b)  -> (artifact id: 'b2dee9ced0a85d274b96b1466a3268ad') in 0.002389 seconds
  Import took 0.004577 seconds .

========================================================================
Received Import Request.
  Time since last request: 24.808531 seconds.
  path: Assets/virus Prefab.prefab
  artifactKey: Guid(9a828ac04127c45418eb703a3d359bb7) Importer(815301076,1909f56bfc062723c751e8b465ee728b)
Start importing Assets/virus Prefab.prefab using Guid(9a828ac04127c45418eb703a3d359bb7) Importer(815301076,1909f56bfc062723c751e8b465ee728b)  -> (artifact id: '641fb096a740bd2e3097c15bdd18b21f') in 0.152295 seconds
  Import took 0.154318 seconds .

========================================================================
Received Prepare
Registering precompiled user dll's ...
Registered in 0.000452 seconds.
Begin MonoManager ReloadAssembly
Native extension for WindowsStandalone target not found
Refreshing native plugins compatible for Editor in 0.19 ms, found 0 plugins.
Preloading 0 native plugins for Editor in 0.00 ms.
Invoked RoslynAnalysisRunner static constructor.
RoslynAnalysisRunner will not be running.
RoslynAnalysisRunner has terminated.
Mono: successfully reloaded assembly
- Completed reload, in  0.719 seconds
Platform modules already initialized, skipping
Refreshing native plugins compatible for Editor in 0.27 ms, found 0 plugins.
Preloading 0 native plugins for Editor in 0.00 ms.
Unloading 1100 Unused Serialized files (Serialized files now loaded: 0)
System memory in use before: 61.2 MB.
System memory in use after: 61.3 MB.

Unloading 7 unused Assets to reduce memory usage. Loaded Objects now: 1566.
Total: 1.958300 ms (FindLiveObjects: 0.208700 ms CreateObjectMapping: 0.084500 ms MarkObjects: 1.614100 ms  DeleteObjects: 0.050000 ms)

========================================================================
Received Prepare
Registering precompiled user dll's ...
Registered in 0.000441 seconds.
Begin MonoManager ReloadAssembly
Native extension for WindowsStandalone target not found
Refreshing native plugins compatible for Editor in 0.19 ms, found 0 plugins.
Preloading 0 native plugins for Editor in 0.00 ms.
Invoked RoslynAnalysisRunner static constructor.
RoslynAnalysisRunner will not be running.
RoslynAnalysisRunner has terminated.
Mono: successfully reloaded assembly
- Completed reload, in  0.695 seconds
Platform modules already initialized, skipping
Refreshing native plugins compatible for Editor in 0.24 ms, found 0 plugins.
Preloading 0 native plugins for Editor in 0.00 ms.
Unloading 1100 Unused Serialized files (Serialized files now loaded: 0)
System memory in use before: 61.2 MB.
System memory in use after: 61.3 MB.

Unloading 5 unused Assets to reduce memory usage. Loaded Objects now: 1568.
Total: 2.600400 ms (FindLiveObjects: 0.282700 ms CreateObjectMapping: 0.069500 ms MarkObjects: 2.200400 ms  DeleteObjects: 0.046900 ms)

========================================================================
Received Prepare
Registering precompiled user dll's ...
Registered in 0.000503 seconds.
Begin MonoManager ReloadAssembly
Native extension for WindowsStandalone target not found
Refreshing native plugins compatible for Editor in 0.19 ms, found 0 plugins.
Preloading 0 native plugins for Editor in 0.00 ms.
Invoked RoslynAnalysisRunner static constructor.
RoslynAnalysisRunner will not be running.
RoslynAnalysisRunner has terminated.
Mono: successfully reloaded assembly
- Completed reload, in  0.727 seconds
Platform modules already initialized, skipping
Refreshing native plugins compatible for Editor in 0.24 ms, found 0 plugins.
Preloading 0 native plugins for Editor in 0.00 ms.
Unloading 1101 Unused Serialized files (Serialized files now loaded: 0)
System memory in use before: 61.3 MB.
System memory in use after: 61.3 MB.

Unloading 5 unused Assets to reduce memory usage. Loaded Objects now: 1571.
Total: 1.896700 ms (FindLiveObjects: 0.245300 ms CreateObjectMapping: 0.037600 ms MarkObjects: 1.560000 ms  DeleteObjects: 0.052600 ms)

========================================================================
Received Import Request.
  Time since last request: 195.918193 seconds.
  path: Assets/Restart.cs
  artifactKey: Guid(eed4534940b68964ea0f757887da0f7d) Importer(815301076,1909f56bfc062723c751e8b465ee728b)
Start importing Assets/Restart.cs using Guid(eed4534940b68964ea0f757887da0f7d) Importer(815301076,1909f56bfc062723c751e8b465ee728b)  -> (artifact id: 'c5a685d724682d576496b4ea6d8b49b1') in 0.007312 seconds
  Import took 0.009589 seconds .

========================================================================
Received Import Request.
  Time since last request: 175.903830 seconds.
  path: Assets/Restart.cs
  artifactKey: Guid(eed4534940b68964ea0f757887da0f7d) Importer(815301076,1909f56bfc062723c751e8b465ee728b)
Start importing Assets/Restart.cs using Guid(eed4534940b68964ea0f757887da0f7d) Importer(815301076,1909f56bfc062723c751e8b465ee728b)  -> (artifact id: '9ba4580e71441726ddaaee694f1e53dc') in 0.001921 seconds
  Import took 0.004002 seconds .

========================================================================
Received Prepare
Registering precompiled user dll's ...
Registered in 0.000459 seconds.
Begin MonoManager ReloadAssembly
Native extension for WindowsStandalone target not found
Refreshing native plugins compatible for Editor in 0.19 ms, found 0 plugins.
Preloading 0 native plugins for Editor in 0.00 ms.
Invoked RoslynAnalysisRunner static constructor.
RoslynAnalysisRunner will not be running.
RoslynAnalysisRunner has terminated.
Mono: successfully reloaded assembly
- Completed reload, in  0.706 seconds
Platform modules already initialized, skipping
Refreshing native plugins compatible for Editor in 0.22 ms, found 0 plugins.
Preloading 0 native plugins for Editor in 0.00 ms.
Unloading 1101 Unused Serialized files (Serialized files now loaded: 0)
System memory in use before: 61.3 MB.
System memory in use after: 61.3 MB.

Unloading 5 unused Assets to reduce memory usage. Loaded Objects now: 1573.
Total: 1.826600 ms (FindLiveObjects: 0.219900 ms CreateObjectMapping: 0.041100 ms MarkObjects: 1.501100 ms  DeleteObjects: 0.063600 ms)

========================================================================
Received Import Request.
  Time since last request: 87.376543 seconds.
  path: Assets/Restart.cs
  artifactKey: Guid(eed4534940b68964ea0f757887da0f7d) Importer(815301076,1909f56bfc062723c751e8b465ee728b)
Start importing Assets/Restart.cs using Guid(eed4534940b68964ea0f757887da0f7d) Importer(815301076,1909f56bfc062723c751e8b465ee728b)  -> (artifact id: '3e21a0c1c19ba057230606e7676f7ec9') in 0.003944 seconds
  Import took 0.006580 seconds .

========================================================================
Received Import Request.
  Time since last request: 1.194724 seconds.
  path: Assets/Restart.cs
  artifactKey: Guid(eed4534940b68964ea0f757887da0f7d) Importer(815301076,1909f56bfc062723c751e8b465ee728b)
Start importing Assets/Restart.cs using Guid(eed4534940b68964ea0f757887da0f7d) Importer(815301076,1909f56bfc062723c751e8b465ee728b)  -> (artifact id: '3e21a0c1c19ba057230606e7676f7ec9') in 0.001577 seconds
  Import took 0.003331 seconds .

========================================================================
Received Prepare
Registering precompiled user dll's ...
Registered in 0.000444 seconds.
Begin MonoManager ReloadAssembly
Native extension for WindowsStandalone target not found
Refreshing native plugins compatible for Editor in 0.19 ms, found 0 plugins.
Preloading 0 native plugins for Editor in 0.00 ms.
Invoked RoslynAnalysisRunner static constructor.
RoslynAnalysisRunner will not be running.
RoslynAnalysisRunner has terminated.
Mono: successfully reloaded assembly
- Completed reload, in  0.704 seconds
Platform modules already initialized, skipping
Refreshing native plugins compatible for Editor in 0.26 ms, found 0 plugins.
Preloading 0 native plugins for Editor in 0.00 ms.
Unloading 1101 Unused Serialized files (Serialized files now loaded: 0)
System memory in use before: 61.3 MB.
System memory in use after: 61.3 MB.

Unloading 5 unused Assets to reduce memory usage. Loaded Objects now: 1575.
Total: 2.314500 ms (FindLiveObjects: 0.133500 ms CreateObjectMapping: 0.136000 ms MarkObjects: 1.938100 ms  DeleteObjects: 0.105800 ms)

========================================================================
Received Prepare
Registering precompiled user dll's ...
Registered in 0.000457 seconds.
Begin MonoManager ReloadAssembly
Native extension for WindowsStandalone target not found
Refreshing native plugins compatible for Editor in 0.19 ms, found 0 plugins.
Preloading 0 native plugins for Editor in 0.00 ms.
Invoked RoslynAnalysisRunner static constructor.
RoslynAnalysisRunner will not be running.
RoslynAnalysisRunner has terminated.
Mono: successfully reloaded assembly
- Completed reload, in  0.685 seconds
Platform modules already initialized, skipping
Refreshing native plugins compatible for Editor in 0.24 ms, found 0 plugins.
Preloading 0 native plugins for Editor in 0.00 ms.
Unloading 1101 Unused Serialized files (Serialized files now loaded: 0)
System memory in use before: 61.3 MB.
System memory in use after: 61.3 MB.

Unloading 5 unused Assets to reduce memory usage. Loaded Objects now: 1577.
Total: 1.829700 ms (FindLiveObjects: 0.158000 ms CreateObjectMapping: 0.036700 ms MarkObjects: 1.588600 ms  DeleteObjects: 0.045700 ms)

========================================================================
Received Prepare
Registering precompiled user dll's ...
Registered in 0.000411 seconds.
Begin MonoManager ReloadAssembly
Native extension for WindowsStandalone target not found
Refreshing native plugins compatible for Editor in 0.20 ms, found 0 plugins.
Preloading 0 native plugins for Editor in 0.00 ms.
Invoked RoslynAnalysisRunner static constructor.
RoslynAnalysisRunner will not be running.
RoslynAnalysisRunner has terminated.
Mono: successfully reloaded assembly
- Completed reload, in  0.740 seconds
Platform modules already initialized, skipping
Refreshing native plugins compatible for Editor in 0.28 ms, found 0 plugins.
Preloading 0 native plugins for Editor in 0.00 ms.
Unloading 1102 Unused Serialized files (Serialized files now loaded: 0)
System memory in use before: 61.3 MB.
System memory in use after: 61.4 MB.

Unloading 5 unused Assets to reduce memory usage. Loaded Objects now: 1580.
Total: 1.879700 ms (FindLiveObjects: 0.244000 ms CreateObjectMapping: 0.035100 ms MarkObjects: 1.550500 ms  DeleteObjects: 0.048900 ms)

========================================================================
Received Import Request.
  Time since last request: 496.408571 seconds.
  path: Assets/ScoreScript.cs
  artifactKey: Guid(77506fb330c23f346bf8ce168254d1e8) Importer(815301076,1909f56bfc062723c751e8b465ee728b)
Start importing Assets/ScoreScript.cs using Guid(77506fb330c23f346bf8ce168254d1e8) Importer(815301076,1909f56bfc062723c751e8b465ee728b)  -> (artifact id: 'cdd0c69f83fe3495238cae478630db2b') in 0.006964 seconds
  Import took 0.008864 seconds .

========================================================================
Received Prepare
Registering precompiled user dll's ...
Registered in 0.000495 seconds.
Begin MonoManager ReloadAssembly
Native extension for WindowsStandalone target not found
Refreshing native plugins compatible for Editor in 0.19 ms, found 0 plugins.
Preloading 0 native plugins for Editor in 0.00 ms.
Invoked RoslynAnalysisRunner static constructor.
RoslynAnalysisRunner will not be running.
RoslynAnalysisRunner has terminated.
Mono: successfully reloaded assembly
- Completed reload, in  0.852 seconds
Platform modules already initialized, skipping
Refreshing native plugins compatible for Editor in 0.23 ms, found 0 plugins.
Preloading 0 native plugins for Editor in 0.00 ms.
Unloading 1102 Unused Serialized files (Serialized files now loaded: 0)
System memory in use before: 61.3 MB.
System memory in use after: 61.4 MB.

Unloading 5 unused Assets to reduce memory usage. Loaded Objects now: 1582.
Total: 1.779800 ms (FindLiveObjects: 0.167200 ms CreateObjectMapping: 0.036100 ms MarkObjects: 1.526400 ms  DeleteObjects: 0.049500 ms)

========================================================================
Received Import Request.
  Time since last request: 48.464936 seconds.
  path: Assets/ScoreScript.cs
  artifactKey: Guid(77506fb330c23f346bf8ce168254d1e8) Importer(815301076,1909f56bfc062723c751e8b465ee728b)
Start importing Assets/ScoreScript.cs using Guid(77506fb330c23f346bf8ce168254d1e8) Importer(815301076,1909f56bfc062723c751e8b465ee728b)  -> (artifact id: 'e7804a0033e7001fdbea3601dd887d55') in 0.003413 seconds
  Import took 0.005177 seconds .

========================================================================
Received Import Request.
  Time since last request: 116.859233 seconds.
  path: Assets/ScoreScript.cs
  artifactKey: Guid(77506fb330c23f346bf8ce168254d1e8) Importer(815301076,1909f56bfc062723c751e8b465ee728b)
Start importing Assets/ScoreScript.cs using Guid(77506fb330c23f346bf8ce168254d1e8) Importer(815301076,1909f56bfc062723c751e8b465ee728b)  -> (artifact id: '036d8648e2110c5ff68f8e2cda81909f') in 0.001907 seconds
  Import took 0.003827 seconds .

========================================================================
Received Import Request.
  Time since last request: 0.023664 seconds.
  path: Assets/ScoreScript.cs
  artifactKey: Guid(77506fb330c23f346bf8ce168254d1e8) Importer(815301076,1909f56bfc062723c751e8b465ee728b)
Start importing Assets/ScoreScript.cs using Guid(77506fb330c23f346bf8ce168254d1e8) Importer(815301076,1909f56bfc062723c751e8b465ee728b)  -> (artifact id: '036d8648e2110c5ff68f8e2cda81909f') in 0.002248 seconds
  Import took 0.004517 seconds .

========================================================================
Received Prepare
Registering precompiled user dll's ...
Registered in 0.000575 seconds.
Begin MonoManager ReloadAssembly
Native extension for WindowsStandalone target not found
Refreshing native plugins compatible for Editor in 0.19 ms, found 0 plugins.
Preloading 0 native plugins for Editor in 0.00 ms.
Invoked RoslynAnalysisRunner static constructor.
RoslynAnalysisRunner will not be running.
RoslynAnalysisRunner has terminated.
Mono: successfully reloaded assembly
- Completed reload, in  0.709 seconds
Platform modules already initialized, skipping
Refreshing native plugins compatible for Editor in 0.31 ms, found 0 plugins.
Preloading 0 native plugins for Editor in 0.00 ms.
Unloading 1102 Unused Serialized files (Serialized files now loaded: 0)
System memory in use before: 61.3 MB.
System memory in use after: 61.4 MB.

Unloading 5 unused Assets to reduce memory usage. Loaded Objects now: 1584.
Total: 2.314600 ms (FindLiveObjects: 0.294900 ms CreateObjectMapping: 0.032000 ms MarkObjects: 1.894000 ms  DeleteObjects: 0.092400 ms)

========================================================================
Received Prepare
Registering precompiled user dll's ...
Registered in 0.000460 seconds.
Begin MonoManager ReloadAssembly
Native extension for WindowsStandalone target not found
Refreshing native plugins compatible for Editor in 0.19 ms, found 0 plugins.
Preloading 0 native plugins for Editor in 0.00 ms.
Invoked RoslynAnalysisRunner static constructor.
RoslynAnalysisRunner will not be running.
RoslynAnalysisRunner has terminated.
Mono: successfully reloaded assembly
- Completed reload, in  0.775 seconds
Platform modules already initialized, skipping
Refreshing native plugins compatible for Editor in 0.22 ms, found 0 plugins.
Preloading 0 native plugins for Editor in 0.00 ms.
Unloading 1102 Unused Serialized files (Serialized files now loaded: 0)
System memory in use before: 61.3 MB.
System memory in use after: 61.4 MB.

Unloading 5 unused Assets to reduce memory usage. Loaded Objects now: 1586.
Total: 1.796600 ms (FindLiveObjects: 0.138000 ms CreateObjectMapping: 0.036100 ms MarkObjects: 1.565200 ms  DeleteObjects: 0.056200 ms)

========================================================================
Received Prepare
Registering precompiled user dll's ...
Registered in 0.000506 seconds.
Begin MonoManager ReloadAssembly
Native extension for WindowsStandalone target not found
Refreshing native plugins compatible for Editor in 0.22 ms, found 0 plugins.
Preloading 0 native plugins for Editor in 0.00 ms.
Invoked RoslynAnalysisRunner static constructor.
RoslynAnalysisRunner will not be running.
RoslynAnalysisRunner has terminated.
Mono: successfully reloaded assembly
- Completed reload, in  0.860 seconds
Platform modules already initialized, skipping
Refreshing native plugins compatible for Editor in 0.22 ms, found 0 plugins.
Preloading 0 native plugins for Editor in 0.00 ms.
Unloading 1102 Unused Serialized files (Serialized files now loaded: 0)
System memory in use before: 61.3 MB.
System memory in use after: 61.4 MB.

Unloading 5 unused Assets to reduce memory usage. Loaded Objects now: 1588.
Total: 2.376300 ms (FindLiveObjects: 0.148700 ms CreateObjectMapping: 0.043900 ms MarkObjects: 2.113400 ms  DeleteObjects: 0.068800 ms)

========================================================================
Received Prepare
Registering precompiled user dll's ...
Registered in 0.000443 seconds.
Begin MonoManager ReloadAssembly
Native extension for WindowsStandalone target not found
Refreshing native plugins compatible for Editor in 0.20 ms, found 0 plugins.
Preloading 0 native plugins for Editor in 0.00 ms.
Invoked RoslynAnalysisRunner static constructor.
RoslynAnalysisRunner will not be running.
RoslynAnalysisRunner has terminated.
Mono: successfully reloaded assembly
- Completed reload, in  0.688 seconds
Platform modules already initialized, skipping
Refreshing native plugins compatible for Editor in 0.21 ms, found 0 plugins.
Preloading 0 native plugins for Editor in 0.00 ms.
Unloading 1102 Unused Serialized files (Serialized files now loaded: 0)
System memory in use before: 61.3 MB.
System memory in use after: 61.4 MB.

Unloading 5 unused Assets to reduce memory usage. Loaded Objects now: 1590.
Total: 1.923700 ms (FindLiveObjects: 0.197200 ms CreateObjectMapping: 0.073000 ms MarkObjects: 1.540600 ms  DeleteObjects: 0.092900 ms)

========================================================================
Received Import Request.
  Time since last request: 3665.982220 seconds.
  path: Assets/New Material.mat
  artifactKey: Guid(e257e320a0057ba4f941d0b9435ae09e) Importer(815301076,1909f56bfc062723c751e8b465ee728b)
Start importing Assets/New Material.mat using Guid(e257e320a0057ba4f941d0b9435ae09e) Importer(815301076,1909f56bfc062723c751e8b465ee728b)  -> (artifact id: 'b7175eed01ec57bbb6be68d50dbfdd48') in 0.096671 seconds
  Import took 0.098591 seconds .

========================================================================
Received Import Request.
  Time since last request: 88.621414 seconds.
  path: Assets/Fantasy Skybox FREE/Materials/Night 01A.mat
  artifactKey: Guid(5ce75119787234e4aae0598fcc619b45) Importer(815301076,1909f56bfc062723c751e8b465ee728b)
Start importing Assets/Fantasy Skybox FREE/Materials/Night 01A.mat using Guid(5ce75119787234e4aae0598fcc619b45) Importer(815301076,1909f56bfc062723c751e8b465ee728b)  -> (artifact id: '9eb25e2936d67a8abe2387197bd303a1') in 2.308130 seconds
  Import took 2.310295 seconds .

========================================================================
Received Import Request.
  Time since last request: 0.000296 seconds.
  path: Assets/Fantasy Skybox FREE/Materials/Sunny 01B.mat
  artifactKey: Guid(7e4024464a7f63a408ac3c1225f094f9) Importer(815301076,1909f56bfc062723c751e8b465ee728b)
Start importing Assets/Fantasy Skybox FREE/Materials/Sunny 01B.mat using Guid(7e4024464a7f63a408ac3c1225f094f9) Importer(815301076,1909f56bfc062723c751e8b465ee728b)  -> (artifact id: '4e116dc8eb7108834ea2bcf5288ae934') in 0.138014 seconds
  Import took 0.139689 seconds .

========================================================================
Received Import Request.
  Time since last request: 0.000286 seconds.
  path: Assets/Fantasy Skybox FREE/Materials/Sunny 01A.mat
  artifactKey: Guid(7d1430089afb5854892670b854d1d684) Importer(815301076,1909f56bfc062723c751e8b465ee728b)
Start importing Assets/Fantasy Skybox FREE/Materials/Sunny 01A.mat using Guid(7d1430089afb5854892670b854d1d684) Importer(815301076,1909f56bfc062723c751e8b465ee728b)  -> (artifact id: 'ef3d2440bd3d1d831700d2ad12fbe182') in 0.204203 seconds
  Import took 0.206097 seconds .

========================================================================
Received Import Request.
  Time since last request: 0.000292 seconds.
  path: Assets/Fantasy Skybox FREE/Materials/Night 01B.mat
  artifactKey: Guid(e7471c7bc3e48f8408ba34ff15fec1e5) Importer(815301076,1909f56bfc062723c751e8b465ee728b)
Start importing Assets/Fantasy Skybox FREE/Materials/Night 01B.mat using Guid(e7471c7bc3e48f8408ba34ff15fec1e5) Importer(815301076,1909f56bfc062723c751e8b465ee728b)  -> (artifact id: 'b7d6ff9cd62a2391354194e0c99442dd') in 0.278496 seconds
  Import took 0.280357 seconds .

========================================================================
Received Prepare
Registering precompiled user dll's ...
Registered in 0.000843 seconds.
Begin MonoManager ReloadAssembly
Native extension for WindowsStandalone target not found
Refreshing native plugins compatible for Editor in 0.20 ms, found 0 plugins.
Preloading 0 native plugins for Editor in 0.00 ms.
Invoked RoslynAnalysisRunner static constructor.
RoslynAnalysisRunner will not be running.
RoslynAnalysisRunner has terminated.
Mono: successfully reloaded assembly
- Completed reload, in  0.744 seconds
Platform modules already initialized, skipping
Refreshing native plugins compatible for Editor in 0.36 ms, found 0 plugins.
Preloading 0 native plugins for Editor in 0.00 ms.
Unloading 1102 Unused Serialized files (Serialized files now loaded: 0)
System memory in use before: 61.7 MB.
System memory in use after: 61.8 MB.

Unloading 5 unused Assets to reduce memory usage. Loaded Objects now: 1627.
Total: 1.462500 ms (FindLiveObjects: 0.123500 ms CreateObjectMapping: 0.035400 ms MarkObjects: 1.257200 ms  DeleteObjects: 0.045600 ms)

========================================================================
Received Prepare
Registering precompiled user dll's ...
Registered in 0.000505 seconds.
Begin MonoManager ReloadAssembly
Native extension for WindowsStandalone target not found
Refreshing native plugins compatible for Editor in 0.21 ms, found 0 plugins.
Preloading 0 native plugins for Editor in 0.00 ms.
Invoked RoslynAnalysisRunner static constructor.
RoslynAnalysisRunner will not be running.
RoslynAnalysisRunner has terminated.
Mono: successfully reloaded assembly
- Completed reload, in  0.787 seconds
Platform modules already initialized, skipping
Refreshing native plugins compatible for Editor in 0.22 ms, found 0 plugins.
Preloading 0 native plugins for Editor in 0.00 ms.
Unloading 1102 Unused Serialized files (Serialized files now loaded: 0)
System memory in use before: 61.7 MB.
System memory in use after: 61.8 MB.

Unloading 5 unused Assets to reduce memory usage. Loaded Objects now: 1629.
Total: 1.496400 ms (FindLiveObjects: 0.143600 ms CreateObjectMapping: 0.034600 ms MarkObjects: 1.268300 ms  DeleteObjects: 0.048500 ms)

========================================================================
Received Prepare
Registering precompiled user dll's ...
Registered in 0.000717 seconds.
Begin MonoManager ReloadAssembly
Native extension for WindowsStandalone target not found
Refreshing native plugins compatible for Editor in 0.32 ms, found 0 plugins.
Preloading 0 native plugins for Editor in 0.00 ms.
Invoked RoslynAnalysisRunner static constructor.
RoslynAnalysisRunner will not be running.
RoslynAnalysisRunner has terminated.
Mono: successfully reloaded assembly
- Completed reload, in  1.188 seconds
Platform modules already initialized, skipping
Refreshing native plugins compatible for Editor in 0.42 ms, found 0 plugins.
Preloading 0 native plugins for Editor in 0.00 ms.
Unloading 1102 Unused Serialized files (Serialized files now loaded: 0)
System memory in use before: 61.7 MB.
System memory in use after: 61.8 MB.

Unloading 5 unused Assets to reduce memory usage. Loaded Objects now: 1631.
Total: 2.705600 ms (FindLiveObjects: 0.186100 ms CreateObjectMapping: 0.060800 ms MarkObjects: 2.379400 ms  DeleteObjects: 0.077100 ms)

========================================================================
Received Prepare
Registering precompiled user dll's ...
Registered in 0.000789 seconds.
Begin MonoManager ReloadAssembly
Native extension for WindowsStandalone target not found
Refreshing native plugins compatible for Editor in 0.25 ms, found 0 plugins.
Preloading 0 native plugins for Editor in 0.00 ms.
Invoked RoslynAnalysisRunner static constructor.
RoslynAnalysisRunner will not be running.
RoslynAnalysisRunner has terminated.
Mono: successfully reloaded assembly
- Completed reload, in  1.154 seconds
Platform modules already initialized, skipping
Refreshing native plugins compatible for Editor in 0.30 ms, found 0 plugins.
Preloading 0 native plugins for Editor in 0.00 ms.
Unloading 1102 Unused Serialized files (Serialized files now loaded: 0)
System memory in use before: 61.7 MB.
System memory in use after: 61.8 MB.

Unloading 5 unused Assets to reduce memory usage. Loaded Objects now: 1633.
Total: 2.435200 ms (FindLiveObjects: 0.194800 ms CreateObjectMapping: 0.062400 ms MarkObjects: 2.113400 ms  DeleteObjects: 0.062800 ms)

========================================================================
Received Import Request.
  Time since last request: 2015.122526 seconds.
  path: Assets/Warna Jalanan.mat
  artifactKey: Guid(e257e320a0057ba4f941d0b9435ae09e) Importer(815301076,1909f56bfc062723c751e8b465ee728b)
Start importing Assets/Warna Jalanan.mat using Guid(e257e320a0057ba4f941d0b9435ae09e) Importer(815301076,1909f56bfc062723c751e8b465ee728b)  -> (artifact id: '61581c53ae7ef5708544c9df9886d3c1') in 0.060577 seconds
  Import took 0.062924 seconds .

========================================================================
Received Import Request.
  Time since last request: 3.660292 seconds.
  path: Assets/Scenes/SampleScene/LightingData.asset
  artifactKey: Guid(f6445dbdbc145674cb0d933fd8fb233b) Importer(815301076,1909f56bfc062723c751e8b465ee728b)
Start importing Assets/Scenes/SampleScene/LightingData.asset using Guid(f6445dbdbc145674cb0d933fd8fb233b) Importer(815301076,1909f56bfc062723c751e8b465ee728b)  -> (artifact id: '99e6733ee35a3635d9d6821bbdfd4cd1') in 0.013623 seconds
  Import took 0.015866 seconds .

========================================================================
Received Import Request.
  Time since last request: 0.000281 seconds.
  path: Assets/Scenes/SampleScene/ReflectionProbe-0.exr
  artifactKey: Guid(1f13e5b12feffa34896129eae7d8f478) Importer(815301076,1909f56bfc062723c751e8b465ee728b)
Start importing Assets/Scenes/SampleScene/ReflectionProbe-0.exr using Guid(1f13e5b12feffa34896129eae7d8f478) Importer(815301076,1909f56bfc062723c751e8b465ee728b)  -> (artifact id: 'aab983b73cc34c33f0a893bab8c7358b') in 1.720818 seconds
  Import took 1.722533 seconds .

========================================================================
Received Import Request.
  Time since last request: 38.783291 seconds.
  path: Assets/Fantasy Skybox FREE/Textures/Night_01A_back.jpg
  artifactKey: Guid(c4e3ef2badd9ae846aa02fad11fbb05b) Importer(815301076,1909f56bfc062723c751e8b465ee728b)
Start importing Assets/Fantasy Skybox FREE/Textures/Night_01A_back.jpg using Guid(c4e3ef2badd9ae846aa02fad11fbb05b) Importer(815301076,1909f56bfc062723c751e8b465ee728b)  -> (artifact id: 'a24aa3e97933823287b95572d74b9b2e') in 0.049785 seconds
  Import took 0.052163 seconds .

========================================================================
Received Import Request.
  Time since last request: 0.000278 seconds.
  path: Assets/Fantasy Skybox FREE/Textures/Sunny_01B_back.jpg
  artifactKey: Guid(42e786a182006df48b83cb6a20c77e3d) Importer(815301076,1909f56bfc062723c751e8b465ee728b)
Start importing Assets/Fantasy Skybox FREE/Textures/Sunny_01B_back.jpg using Guid(42e786a182006df48b83cb6a20c77e3d) Importer(815301076,1909f56bfc062723c751e8b465ee728b)  -> (artifact id: '4d21ac262898101ce7d6547b0ecc78c4') in 0.012855 seconds
  Import took 0.014534 seconds .

========================================================================
Received Import Request.
  Time since last request: 0.000296 seconds.
  path: Assets/Fantasy Skybox FREE/Textures/Night_01B_up.jpg
  artifactKey: Guid(6f6ce00dafd65814290b3389d911e8b9) Importer(815301076,1909f56bfc062723c751e8b465ee728b)
Start importing Assets/Fantasy Skybox FREE/Textures/Night_01B_up.jpg using Guid(6f6ce00dafd65814290b3389d911e8b9) Importer(815301076,1909f56bfc062723c751e8b465ee728b)  -> (artifact id: '17a5e03e01f03de916ec42498f243b1c') in 0.018451 seconds
  Import took 0.020021 seconds .

========================================================================
Received Import Request.
  Time since last request: 0.000246 seconds.
  path: Assets/Fantasy Skybox FREE/Textures/Night_01B_down.jpg
  artifactKey: Guid(633a743efc6a49644bd8444a18a71676) Importer(815301076,1909f56bfc062723c751e8b465ee728b)
Start importing Assets/Fantasy Skybox FREE/Textures/Night_01B_down.jpg using Guid(633a743efc6a49644bd8444a18a71676) Importer(815301076,1909f56bfc062723c751e8b465ee728b)  -> (artifact id: 'a06fcb8c39cfd5268689a64adac09783') in 0.013561 seconds
  Import took 0.015200 seconds .

========================================================================
Received Import Request.
  Time since last request: 0.000278 seconds.
  path: Assets/Fantasy Skybox FREE/Textures/Night_01A_down.jpg
  artifactKey: Guid(f5d29666633d0224caed8f3bdfa977ee) Importer(815301076,1909f56bfc062723c751e8b465ee728b)
Start importing Assets/Fantasy Skybox FREE/Textures/Night_01A_down.jpg using Guid(f5d29666633d0224caed8f3bdfa977ee) Importer(815301076,1909f56bfc062723c751e8b465ee728b)  -> (artifact id: 'f799b62c2c1fc9c292494d3d01e79dd1') in 0.012264 seconds
  Import took 0.014475 seconds .

========================================================================
Received Import Request.
  Time since last request: 0.000298 seconds.
  path: Assets/Fantasy Skybox FREE/Textures/Sunny_01A_right.jpg
  artifactKey: Guid(dc50478561d166742b7206869f0f7173) Importer(815301076,1909f56bfc062723c751e8b465ee728b)
Start importing Assets/Fantasy Skybox FREE/Textures/Sunny_01A_right.jpg using Guid(dc50478561d166742b7206869f0f7173) Importer(815301076,1909f56bfc062723c751e8b465ee728b)  -> (artifact id: '47cf40f1098c691600d6a517b2730af7') in 0.015847 seconds
  Import took 0.017578 seconds .

========================================================================
Received Import Request.
  Time since last request: 0.000302 seconds.
  path: Assets/Fantasy Skybox FREE/Textures/Night_01B_front.jpg
  artifactKey: Guid(6fb15f1538ad006458c3933c08e1224c) Importer(815301076,1909f56bfc062723c751e8b465ee728b)
Start importing Assets/Fantasy Skybox FREE/Textures/Night_01B_front.jpg using Guid(6fb15f1538ad006458c3933c08e1224c) Importer(815301076,1909f56bfc062723c751e8b465ee728b)  -> (artifact id: '88137829c552e175ffd85a47e414a1fa') in 0.020875 seconds
  Import took 0.023108 seconds .

========================================================================
Received Import Request.
  Time since last request: 0.000464 seconds.
  path: Assets/Fantasy Skybox FREE/Textures/Night_01A_left.jpg
  artifactKey: Guid(2d2e002fdd2bb8f4d9b32f977f91673e) Importer(815301076,1909f56bfc062723c751e8b465ee728b)
Start importing Assets/Fantasy Skybox FREE/Textures/Night_01A_left.jpg using Guid(2d2e002fdd2bb8f4d9b32f977f91673e) Importer(815301076,1909f56bfc062723c751e8b465ee728b)  -> (artifact id: 'da74f0ca66268ca3f38625c31d23f188') in 0.012335 seconds
  Import took 0.014252 seconds .

========================================================================
Received Import Request.
  Time since last request: 0.000297 seconds.
  path: Assets/Fantasy Skybox FREE/Textures/Sunny_01B_down.jpg
  artifactKey: Guid(d25e878d3680bb7469ab24b7c2a8ad1e) Importer(815301076,1909f56bfc062723c751e8b465ee728b)
Start importing Assets/Fantasy Skybox FREE/Textures/Sunny_01B_down.jpg using Guid(d25e878d3680bb7469ab24b7c2a8ad1e) Importer(815301076,1909f56bfc062723c751e8b465ee728b)  -> (artifact id: '646c3e7e49c20c2a586ab4a0fe2d3790') in 0.013868 seconds
  Import took 0.015564 seconds .

========================================================================
Received Import Request.
  Time since last request: 0.000305 seconds.
  path: Assets/Fantasy Skybox FREE/Textures/Sunny_01B_up.jpg
  artifactKey: Guid(8147b14d8a0e523418eac152f1c1ca73) Importer(815301076,1909f56bfc062723c751e8b465ee728b)
Start importing Assets/Fantasy Skybox FREE/Textures/Sunny_01B_up.jpg using Guid(8147b14d8a0e523418eac152f1c1ca73) Importer(815301076,1909f56bfc062723c751e8b465ee728b)  -> (artifact id: 'da7774b223cfc60a2ad6e91457684273') in 0.015713 seconds
  Import took 0.017707 seconds .

========================================================================
Received Import Request.
  Time since last request: 0.000312 seconds.
  path: Assets/Fantasy Skybox FREE/Textures/Sunny_01A_up.jpg
  artifactKey: Guid(33c801107d7185e4d89e4c724077701c) Importer(815301076,1909f56bfc062723c751e8b465ee728b)
Start importing Assets/Fantasy Skybox FREE/Textures/Sunny_01A_up.jpg using Guid(33c801107d7185e4d89e4c724077701c) Importer(815301076,1909f56bfc062723c751e8b465ee728b)  -> (artifact id: '666910f070c79322e7393c51f3967b42') in 0.014363 seconds
  Import took 0.016547 seconds .

========================================================================
Received Import Request.
  Time since last request: 0.000387 seconds.
  path: Assets/Fantasy Skybox FREE/Textures/Sunny_01A_back.jpg
  artifactKey: Guid(eda4bd6d252439b41b0f56ec1a822d81) Importer(815301076,1909f56bfc062723c751e8b465ee728b)
Start importing Assets/Fantasy Skybox FREE/Textures/Sunny_01A_back.jpg using Guid(eda4bd6d252439b41b0f56ec1a822d81) Importer(815301076,1909f56bfc062723c751e8b465ee728b)  -> (artifact id: '4e990ff9119f8a3858c8cac7e64d639f') in 0.014868 seconds
  Import took 0.016898 seconds .

========================================================================
Received Import Request.
  Time since last request: 0.000308 seconds.
  path: Assets/Fantasy Skybox FREE/Textures/Night_01A_front.jpg
  artifactKey: Guid(5c9a1b4cce4ef1d45b2f30e8f7f41780) Importer(815301076,1909f56bfc062723c751e8b465ee728b)
Start importing Assets/Fantasy Skybox FREE/Textures/Night_01A_front.jpg using Guid(5c9a1b4cce4ef1d45b2f30e8f7f41780) Importer(815301076,1909f56bfc062723c751e8b465ee728b)  -> (artifact id: 'ab977e8d63d27ca8fa74b42e4eef765e') in 0.015034 seconds
  Import took 0.016782 seconds .

========================================================================
Received Import Request.
  Time since last request: 0.000279 seconds.
  path: Assets/Fantasy Skybox FREE/Textures/Sunny_01A_front.jpg
  artifactKey: Guid(fa4548ad94c2d83408e4832cb52b3808) Importer(815301076,1909f56bfc062723c751e8b465ee728b)
Start importing Assets/Fantasy Skybox FREE/Textures/Sunny_01A_front.jpg using Guid(fa4548ad94c2d83408e4832cb52b3808) Importer(815301076,1909f56bfc062723c751e8b465ee728b)  -> (artifact id: '06245ef0b4a2349da635ef5884092bc6') in 0.012198 seconds
  Import took 0.014129 seconds .

========================================================================
Received Import Request.
  Time since last request: 0.000337 seconds.
  path: Assets/Fantasy Skybox FREE/Textures/Sunny_01B_right.jpg
  artifactKey: Guid(2e03fac877d1bda4c8ee18948e0fa4dd) Importer(815301076,1909f56bfc062723c751e8b465ee728b)
Start importing Assets/Fantasy Skybox FREE/Textures/Sunny_01B_right.jpg using Guid(2e03fac877d1bda4c8ee18948e0fa4dd) Importer(815301076,1909f56bfc062723c751e8b465ee728b)  -> (artifact id: '93abfc47104664768701479ab44f5820') in 0.013299 seconds
  Import took 0.015062 seconds .

========================================================================
Received Import Request.
  Time since last request: 0.000293 seconds.
  path: Assets/Fantasy Skybox FREE/Textures/Night_01A_right.jpg
  artifactKey: Guid(3e12e5eae9a99894eb8bb2989e75fdf9) Importer(815301076,1909f56bfc062723c751e8b465ee728b)
Start importing Assets/Fantasy Skybox FREE/Textures/Night_01A_right.jpg using Guid(3e12e5eae9a99894eb8bb2989e75fdf9) Importer(815301076,1909f56bfc062723c751e8b465ee728b)  -> (artifact id: 'a61884d2b9bb368b9829a6e21e391644') in 0.017329 seconds
  Import took 0.019371 seconds .

========================================================================
Received Import Request.
  Time since last request: 0.000302 seconds.
  path: Assets/Fantasy Skybox FREE/Textures/Sunny_01A_down.jpg
  artifactKey: Guid(c0428893629c1404f990e1c9667aa5f3) Importer(815301076,1909f56bfc062723c751e8b465ee728b)
Start importing Assets/Fantasy Skybox FREE/Textures/Sunny_01A_down.jpg using Guid(c0428893629c1404f990e1c9667aa5f3) Importer(815301076,1909f56bfc062723c751e8b465ee728b)  -> (artifact id: '889b4bf2d0b1d4845dcbc68f526d80a1') in 0.011825 seconds
  Import took 0.013953 seconds .

========================================================================
Received Import Request.
  Time since last request: 0.000331 seconds.
  path: Assets/Fantasy Skybox FREE/Textures/Sunny_01B_left.jpg
  artifactKey: Guid(8739a3948409d17438e46fc0a61fe9bf) Importer(815301076,1909f56bfc062723c751e8b465ee728b)
Start importing Assets/Fantasy Skybox FREE/Textures/Sunny_01B_left.jpg using Guid(8739a3948409d17438e46fc0a61fe9bf) Importer(815301076,1909f56bfc062723c751e8b465ee728b)  -> (artifact id: '48070b3f0e7547d085335161a6c9888a') in 0.012272 seconds
  Import took 0.014199 seconds .

========================================================================
Received Import Request.
  Time since last request: 0.000283 seconds.
  path: Assets/Fantasy Skybox FREE/Textures/Night_01B_left.jpg
  artifactKey: Guid(98362b329caaf144e94a2a4095798b97) Importer(815301076,1909f56bfc062723c751e8b465ee728b)
Start importing Assets/Fantasy Skybox FREE/Textures/Night_01B_left.jpg using Guid(98362b329caaf144e94a2a4095798b97) Importer(815301076,1909f56bfc062723c751e8b465ee728b)  -> (artifact id: '6c5a7bcd2c088ee0c67f796fa230256b') in 0.015538 seconds
  Import took 0.017403 seconds .

========================================================================
Received Import Request.
  Time since last request: 0.000300 seconds.
  path: Assets/Fantasy Skybox FREE/Textures/Night_01B_right.jpg
  artifactKey: Guid(c1725f5ba84225a4988efef0d7afbaa2) Importer(815301076,1909f56bfc062723c751e8b465ee728b)
Start importing Assets/Fantasy Skybox FREE/Textures/Night_01B_right.jpg using Guid(c1725f5ba84225a4988efef0d7afbaa2) Importer(815301076,1909f56bfc062723c751e8b465ee728b)  -> (artifact id: '3062ddf7daae9b72615988e30136b1c0') in 0.012853 seconds
  Import took 0.014804 seconds .

========================================================================
Received Import Request.
  Time since last request: 0.000271 seconds.
  path: Assets/Fantasy Skybox FREE/Textures/Night_01A_up.jpg
  artifactKey: Guid(e941b6654f077c946b22a50216f42b3e) Importer(815301076,1909f56bfc062723c751e8b465ee728b)
Start importing Assets/Fantasy Skybox FREE/Textures/Night_01A_up.jpg using Guid(e941b6654f077c946b22a50216f42b3e) Importer(815301076,1909f56bfc062723c751e8b465ee728b)  -> (artifact id: 'c768a55169bc16b42f0da8ece6aba24d') in 0.014256 seconds
  Import took 0.015930 seconds .

========================================================================
Received Import Request.
  Time since last request: 0.000292 seconds.
  path: Assets/Fantasy Skybox FREE/Textures/Sunny_01B_front.jpg
  artifactKey: Guid(5e236664781c1744eb30d808f88155b0) Importer(815301076,1909f56bfc062723c751e8b465ee728b)
Start importing Assets/Fantasy Skybox FREE/Textures/Sunny_01B_front.jpg using Guid(5e236664781c1744eb30d808f88155b0) Importer(815301076,1909f56bfc062723c751e8b465ee728b)  -> (artifact id: '8950bc3f51b62865a3c1478d34ad65f8') in 0.013954 seconds
  Import took 0.015571 seconds .

========================================================================
Received Import Request.
  Time since last request: 0.000290 seconds.
  path: Assets/Fantasy Skybox FREE/Textures/Sunny_01A_left.jpg
  artifactKey: Guid(8dc621d4bf2257d46b70fc5bf5cf7793) Importer(815301076,1909f56bfc062723c751e8b465ee728b)
Start importing Assets/Fantasy Skybox FREE/Textures/Sunny_01A_left.jpg using Guid(8dc621d4bf2257d46b70fc5bf5cf7793) Importer(815301076,1909f56bfc062723c751e8b465ee728b)  -> (artifact id: '20eab52e4dc564446991705ebc09a90d') in 0.013672 seconds
  Import took 0.015361 seconds .

========================================================================
Received Import Request.
  Time since last request: 0.000265 seconds.
  path: Assets/Fantasy Skybox FREE/Textures/Night_01B_back.jpg
  artifactKey: Guid(cebc89aedc34b73408f59fe44d2b8a2e) Importer(815301076,1909f56bfc062723c751e8b465ee728b)
Start importing Assets/Fantasy Skybox FREE/Textures/Night_01B_back.jpg using Guid(cebc89aedc34b73408f59fe44d2b8a2e) Importer(815301076,1909f56bfc062723c751e8b465ee728b)  -> (artifact id: '61bd0d667bb2344031087f71c6b73fd9') in 0.013809 seconds
  Import took 0.015540 seconds .

========================================================================
Received Prepare
Registering precompiled user dll's ...
Registered in 0.000426 seconds.
Begin MonoManager ReloadAssembly
Native extension for WindowsStandalone target not found
Refreshing native plugins compatible for Editor in 0.19 ms, found 0 plugins.
Preloading 0 native plugins for Editor in 0.00 ms.
Invoked RoslynAnalysisRunner static constructor.
RoslynAnalysisRunner will not be running.
RoslynAnalysisRunner has terminated.
Mono: successfully reloaded assembly
- Completed reload, in  0.677 seconds
Platform modules already initialized, skipping
Refreshing native plugins compatible for Editor in 0.26 ms, found 0 plugins.
Preloading 0 native plugins for Editor in 0.00 ms.
Unloading 1102 Unused Serialized files (Serialized files now loaded: 0)
System memory in use before: 61.8 MB.
System memory in use after: 61.9 MB.

Unloading 5 unused Assets to reduce memory usage. Loaded Objects now: 1640.
Total: 1.615700 ms (FindLiveObjects: 0.134300 ms CreateObjectMapping: 0.029800 ms MarkObjects: 1.405700 ms  DeleteObjects: 0.045400 ms)

========================================================================
Received Prepare
Registering precompiled user dll's ...
Registered in 0.000588 seconds.
Begin MonoManager ReloadAssembly
Native extension for WindowsStandalone target not found
Refreshing native plugins compatible for Editor in 0.19 ms, found 0 plugins.
Preloading 0 native plugins for Editor in 0.00 ms.
Invoked RoslynAnalysisRunner static constructor.
RoslynAnalysisRunner will not be running.
RoslynAnalysisRunner has terminated.
Mono: successfully reloaded assembly
- Completed reload, in  0.676 seconds
Platform modules already initialized, skipping
Refreshing native plugins compatible for Editor in 0.26 ms, found 0 plugins.
Preloading 0 native plugins for Editor in 0.00 ms.
Unloading 1102 Unused Serialized files (Serialized files now loaded: 0)
System memory in use before: 61.8 MB.
System memory in use after: 61.9 MB.

Unloading 5 unused Assets to reduce memory usage. Loaded Objects now: 1642.
Total: 1.943700 ms (FindLiveObjects: 0.292900 ms CreateObjectMapping: 0.039300 ms MarkObjects: 1.561300 ms  DeleteObjects: 0.049400 ms)

AssetImportWorkerClient::OnTransportError - code=2 error=End of file
